<?xml version="1.0" encoding="UTF-8"?>
<!-- Generated by org.testng.reporters.JUnitReportReporter -->
<testsuite hostname="DESKTOP-51S8IMU" failures="0" tests="4" name="Report.ExtendReportsDemo" time="29.032" errors="0" timestamp="2024-08-02T14:00:08 IST" skipped="0">
  <testcase classname="Report.ExtendReportsDemo" name="SearchLaptop" time="7.871"/>
  <testcase classname="Report.ExtendReportsDemo" name="Searchmobilephone" time="5.831"/>
  <testcase classname="Report.ExtendReportsDemo" name="Searchiphone" time="7.114"/>
  <testcase classname="Report.ExtendReportsDemo" name="SearchGamingLaptop" time="8.216"/>
</testsuite> <!-- Report.ExtendReportsDemo -->
