<?xml version="1.0" encoding="UTF-8"?>
<!-- Generated by org.testng.reporters.JUnitReportReporter -->
<testsuite hostname="DESKTOP-51S8IMU" failures="0" tests="4" name="testNg.TestNgDemo2" time="38.565" errors="0" timestamp="2024-08-01T17:15:53 IST" skipped="0">
  <testcase classname="testNg.TestNgDemo2" name="SearchTest" time="17.970"/>
  <testcase classname="testNg.TestNgDemo2" name="CheckBox" time="5.109"/>
  <testcase classname="testNg.TestNgDemo2" name="Searchiphone" time="4.203"/>
  <testcase classname="testNg.TestNgDemo2" name="SearchTshirts" time="11.283"/>
</testsuite> <!-- testNg.TestNgDemo2 -->
