<?xml version="1.0" encoding="UTF-8"?>
<!-- Generated by org.testng.reporters.JUnitReportReporter -->
<testsuite hostname="DESKTOP-51S8IMU" failures="0" tests="2" name="Basics.AssertDemo" time="10.149" errors="0" timestamp="2024-08-02T17:42:16 IST" skipped="0">
  <testcase classname="Basics.AssertDemo" name="test1" time="4.816"/>
  <testcase classname="Basics.AssertDemo" name="test2" time="5.333"/>
</testsuite> <!-- Basics.AssertDemo -->
