<?xml version="1.0" encoding="UTF-8"?>
<!-- Generated by org.testng.reporters.JUnitReportReporter -->
<testsuite hostname="DESKTOP-51S8IMU" failures="0" tests="2" name="DataDriven.ParallelTesting" time="22.652" errors="0" timestamp="2024-08-02T12:54:31 IST" skipped="0">
  <testcase classname="DataDriven.ParallelTesting" name="chrometest" time="7.909"/>
  <testcase classname="DataDriven.ParallelTesting" name="firefoxTest" time="14.743"/>
</testsuite> <!-- DataDriven.ParallelTesting -->
