<?xml version="1.0" encoding="UTF-8"?>
<!-- Generated by org.testng.reporters.JUnitReportReporter -->
<testsuite hostname="DESKTOP-51S8IMU" failures="0" tests="1" name="Basics.AssertDemo1" time="9.694" errors="0" timestamp="2024-08-02T18:24:08 IST" skipped="0">
  <testcase classname="Basics.AssertDemo1" name="test1" time="9.694"/>
</testsuite> <!-- Basics.AssertDemo1 -->
