<?xml version="1.0" encoding="UTF-8"?>
<!-- Generated by org.testng.reporters.JUnitReportReporter -->
<testsuite hostname="DESKTOP-51S8IMU" failures="0" tests="5" name="DataDriven.DataProviderTest" time="28.825" errors="0" timestamp="2024-08-02T12:18:48 IST" skipped="0">
  <testcase classname="DataDriven.DataProviderTest" name="herokuLogin" time="6.004"/>
  <testcase classname="DataDriven.DataProviderTest" name="herokuLogin" time="5.789"/>
  <testcase classname="DataDriven.DataProviderTest" name="herokuLogin" time="5.583"/>
  <testcase classname="DataDriven.DataProviderTest" name="herokuLogin" time="5.688"/>
  <testcase classname="DataDriven.DataProviderTest" name="herokuLogin" time="5.761"/>
</testsuite> <!-- DataDriven.DataProviderTest -->
