<?xml version="1.0" encoding="UTF-8"?>
<!-- Generated by org.testng.reporters.JUnitReportReporter -->
<testsuite hostname="DESKTOP-51S8IMU" failures="0" tests="2" name="testNg.TestNgDemo" time="18.448" errors="0" timestamp="2024-08-01T17:44:06 IST" skipped="0">
  <testcase classname="testNg.TestNgDemo" name="SearchTshirtspuma" time="9.561"/>
  <testcase classname="testNg.TestNgDemo" name="SearchTshirts" time="8.887"/>
</testsuite> <!-- testNg.TestNgDemo -->
